<?xml version="1.0" encoding="UTF-8"?>
<!-- Generated by org.testng.reporters.JUnitReportReporter -->
<testsuite skipped="0" hostname="COL011022605" name="com.qa.hubspot.tests.ProductInfoTest" tests="3" failures="0" timestamp="21 Dec 2020 05:02:38 GMT" time="209.965" errors="0">
  <testcase name="verifyProductInfoTest_MacBook" time="53.718" classname="com.qa.hubspot.tests.ProductInfoTest"/>
  <testcase name="verifyProductInfoTest_iMac" time="56.400" classname="com.qa.hubspot.tests.ProductInfoTest"/>
  <testcase name="ProductInforPageTitleTest_iMac" time="99.847" classname="com.qa.hubspot.tests.ProductInfoTest"/>
</testsuite> <!-- com.qa.hubspot.tests.ProductInfoTest -->
